{"__type":"$$EventMessageAudit","id":"230ecff6-40fc-488d-beab-94a618be1dfd","ts":"2024-07-12T13:05:44.079+00:00","eventName":"n8n.audit.user.api.created","message":"n8n.audit.user.api.created","payload":{"userId":"fd5338b7-4608-4fee-9e14-672434041fed","_email":"luizlanat@gmail.com","_firstName":"Luiz","_lastName":"Lanat","globalRole":"global:owner"}}
{"__type":"$$EventMessageConfirm","confirm":"230ecff6-40fc-488d-beab-94a618be1dfd","ts":"2024-07-12T13:05:44.214+00:00","source":{"id":"0","name":"eventBus"}}
{"__type":"$$EventMessageAudit","id":"a77936e6-7c23-4cd6-b7b9-4ee0cca9e4a1","ts":"2024-07-13T02:51:05.920+00:00","eventName":"n8n.audit.workflow.created","message":"n8n.audit.workflow.created","payload":{"userId":"fd5338b7-4608-4fee-9e14-672434041fed","_email":"luizlanat@gmail.com","_firstName":"Luiz","_lastName":"Lanat","globalRole":"global:owner","workflowId":"AanIkkFNmhQBXMcL","workflowName":"My workflow"}}
{"__type":"$$EventMessageConfirm","confirm":"a77936e6-7c23-4cd6-b7b9-4ee0cca9e4a1","ts":"2024-07-13T02:51:05.926+00:00","source":{"id":"0","name":"eventBus"}}
{"__type":"$$EventMessageAudit","id":"0e622ec5-8a97-4bb0-951e-24fd52208b09","ts":"2024-07-15T03:03:38.374+00:00","eventName":"n8n.audit.workflow.updated","message":"n8n.audit.workflow.updated","payload":{"userId":"fd5338b7-4608-4fee-9e14-672434041fed","_email":"luizlanat@gmail.com","_firstName":"Luiz","_lastName":"Lanat","globalRole":"global:owner","workflowId":"AanIkkFNmhQBXMcL","workflowName":"My workflow"}}
{"__type":"$$EventMessageConfirm","confirm":"0e622ec5-8a97-4bb0-951e-24fd52208b09","ts":"2024-07-15T03:03:38.401+00:00","source":{"id":"0","name":"eventBus"}}
{"__type":"$$EventMessageAudit","id":"98026110-7555-44d4-b5e4-ae25a3af12bf","ts":"2024-07-15T03:53:38.294+00:00","eventName":"n8n.audit.workflow.created","message":"n8n.audit.workflow.created","payload":{"userId":"fd5338b7-4608-4fee-9e14-672434041fed","_email":"luizlanat@gmail.com","_firstName":"Luiz","_lastName":"Lanat","globalRole":"global:owner","workflowId":"OpB4D78fdu8r0MTO","workflowName":"My workflow 2"}}
{"__type":"$$EventMessageConfirm","confirm":"98026110-7555-44d4-b5e4-ae25a3af12bf","ts":"2024-07-15T03:53:38.300+00:00","source":{"id":"0","name":"eventBus"}}
{"__type":"$$EventMessageNode","id":"5b741b88-d8b6-41d4-92e4-92e9de983471","ts":"2024-07-15T03:58:06.163+00:00","eventName":"n8n.node.started","message":"n8n.node.started","payload":{"workflowId":"OpB4D78fdu8r0MTO","workflowName":"My workflow 2","executionId":"1","nodeType":"n8n-nodes-base.httpRequest","nodeName":"HTTP Request3"}}
{"__type":"$$EventMessageConfirm","confirm":"5b741b88-d8b6-41d4-92e4-92e9de983471","ts":"2024-07-15T03:58:06.167+00:00","source":{"id":"0","name":"eventBus"}}
{"__type":"$$EventMessageWorkflow","id":"b28ecbba-07b3-4a00-9b4e-5c5cf32b6167","ts":"2024-07-15T03:58:06.169+00:00","eventName":"n8n.workflow.started","message":"n8n.workflow.started","payload":{"executionId":"1","isManual":false}}
{"__type":"$$EventMessageConfirm","confirm":"b28ecbba-07b3-4a00-9b4e-5c5cf32b6167","ts":"2024-07-15T03:58:06.169+00:00","source":{"id":"0","name":"eventBus"}}
{"__type":"$$EventMessageNode","id":"079e1d61-8a1b-4524-a350-04919fb514cb","ts":"2024-07-15T03:58:07.571+00:00","eventName":"n8n.node.finished","message":"n8n.node.finished","payload":{"workflowId":"OpB4D78fdu8r0MTO","workflowName":"My workflow 2","executionId":"1","nodeType":"n8n-nodes-base.httpRequest","nodeName":"HTTP Request3"}}
{"__type":"$$EventMessageConfirm","confirm":"079e1d61-8a1b-4524-a350-04919fb514cb","ts":"2024-07-15T03:58:07.571+00:00","source":{"id":"0","name":"eventBus"}}
{"__type":"$$EventMessageWorkflow","id":"2a4a01fd-4a8f-4efd-9bf3-8529c7edaccb","ts":"2024-07-15T03:58:07.675+00:00","eventName":"n8n.workflow.success","message":"n8n.workflow.success","payload":{"workflowId":"OpB4D78fdu8r0MTO","workflowName":"My workflow 2","executionId":"1","success":false,"isManual":true,"userId":"fd5338b7-4608-4fee-9e14-672434041fed"}}
{"__type":"$$EventMessageConfirm","confirm":"2a4a01fd-4a8f-4efd-9bf3-8529c7edaccb","ts":"2024-07-15T03:58:07.676+00:00","source":{"id":"0","name":"eventBus"}}
{"__type":"$$EventMessageAudit","id":"ac7cdeac-c4f6-4fdc-8262-78297959aaf6","ts":"2024-07-15T03:58:55.216+00:00","eventName":"n8n.audit.workflow.updated","message":"n8n.audit.workflow.updated","payload":{"userId":"fd5338b7-4608-4fee-9e14-672434041fed","_email":"luizlanat@gmail.com","_firstName":"Luiz","_lastName":"Lanat","globalRole":"global:owner","workflowId":"OpB4D78fdu8r0MTO","workflowName":"My workflow 2"}}
{"__type":"$$EventMessageConfirm","confirm":"ac7cdeac-c4f6-4fdc-8262-78297959aaf6","ts":"2024-07-15T03:58:55.216+00:00","source":{"id":"0","name":"eventBus"}}
{"__type":"$$EventMessageNode","id":"12cbdb88-9b71-4e44-a193-297fefd7aa44","ts":"2024-07-15T04:04:01.831+00:00","eventName":"n8n.node.started","message":"n8n.node.started","payload":{"workflowId":"OpB4D78fdu8r0MTO","workflowName":"My workflow 2","executionId":"2","nodeType":"n8n-nodes-base.httpRequest","nodeName":"HTTP Request3"}}
{"__type":"$$EventMessageConfirm","confirm":"12cbdb88-9b71-4e44-a193-297fefd7aa44","ts":"2024-07-15T04:04:01.840+00:00","source":{"id":"0","name":"eventBus"}}
{"__type":"$$EventMessageWorkflow","id":"584d57c0-8461-4e36-a7ee-24244d5684f3","ts":"2024-07-15T04:04:01.846+00:00","eventName":"n8n.workflow.started","message":"n8n.workflow.started","payload":{"executionId":"2","isManual":false}}
{"__type":"$$EventMessageConfirm","confirm":"584d57c0-8461-4e36-a7ee-24244d5684f3","ts":"2024-07-15T04:04:01.846+00:00","source":{"id":"0","name":"eventBus"}}
{"__type":"$$EventMessageNode","id":"1c47d96d-9357-4a53-85f6-3dd875afe6e2","ts":"2024-07-15T00:04:03.175-04:00","eventName":"n8n.node.finished","message":"n8n.node.finished","payload":{"workflowId":"OpB4D78fdu8r0MTO","workflowName":"My workflow 2","executionId":"2","nodeType":"n8n-nodes-base.httpRequest","nodeName":"HTTP Request3"}}
{"__type":"$$EventMessageConfirm","confirm":"1c47d96d-9357-4a53-85f6-3dd875afe6e2","ts":"2024-07-15T00:04:03.176-04:00","source":{"id":"0","name":"eventBus"}}
{"__type":"$$EventMessageWorkflow","id":"55a52f2b-70d7-49f7-a0fc-4fcebffe8f13","ts":"2024-07-15T00:04:03.258-04:00","eventName":"n8n.workflow.success","message":"n8n.workflow.success","payload":{"workflowId":"OpB4D78fdu8r0MTO","workflowName":"My workflow 2","executionId":"2","success":false,"isManual":true,"userId":"fd5338b7-4608-4fee-9e14-672434041fed"}}
{"__type":"$$EventMessageConfirm","confirm":"55a52f2b-70d7-49f7-a0fc-4fcebffe8f13","ts":"2024-07-15T00:04:03.258-04:00","source":{"id":"0","name":"eventBus"}}
{"__type":"$$EventMessageNode","id":"60dbb0e3-b5b8-4770-8186-6dfdea7846ba","ts":"2024-07-15T00:36:38.832-04:00","eventName":"n8n.node.started","message":"n8n.node.started","payload":{"workflowId":"OpB4D78fdu8r0MTO","workflowName":"My workflow 2","executionId":"3","nodeType":"n8n-nodes-base.code","nodeName":"Code"}}
{"__type":"$$EventMessageConfirm","confirm":"60dbb0e3-b5b8-4770-8186-6dfdea7846ba","ts":"2024-07-15T00:36:38.855-04:00","source":{"id":"0","name":"eventBus"}}
{"__type":"$$EventMessageWorkflow","id":"f1b2a5a7-e626-40b4-8a20-06444abb8dda","ts":"2024-07-15T00:36:38.857-04:00","eventName":"n8n.workflow.started","message":"n8n.workflow.started","payload":{"executionId":"3","isManual":false}}
{"__type":"$$EventMessageConfirm","confirm":"f1b2a5a7-e626-40b4-8a20-06444abb8dda","ts":"2024-07-15T00:36:38.859-04:00","source":{"id":"0","name":"eventBus"}}
{"__type":"$$EventMessageNode","id":"9457f79a-5b14-457a-9703-36beb10ca3c4","ts":"2024-07-15T00:36:39.046-04:00","eventName":"n8n.node.finished","message":"n8n.node.finished","payload":{"workflowId":"OpB4D78fdu8r0MTO","workflowName":"My workflow 2","executionId":"3","nodeType":"n8n-nodes-base.code","nodeName":"Code"}}
{"__type":"$$EventMessageConfirm","confirm":"9457f79a-5b14-457a-9703-36beb10ca3c4","ts":"2024-07-15T00:36:39.046-04:00","source":{"id":"0","name":"eventBus"}}
{"__type":"$$EventMessageWorkflow","id":"6fd349f7-b4c0-4ad9-8591-cb5c6caafbff","ts":"2024-07-15T00:36:39.122-04:00","eventName":"n8n.workflow.success","message":"n8n.workflow.success","payload":{"workflowId":"OpB4D78fdu8r0MTO","workflowName":"My workflow 2","executionId":"3","success":false,"isManual":true,"userId":"fd5338b7-4608-4fee-9e14-672434041fed"}}
{"__type":"$$EventMessageConfirm","confirm":"6fd349f7-b4c0-4ad9-8591-cb5c6caafbff","ts":"2024-07-15T00:36:39.123-04:00","source":{"id":"0","name":"eventBus"}}
{"__type":"$$EventMessageNode","id":"83c2129c-5672-4860-807b-54fb414feee3","ts":"2024-07-15T00:37:21.908-04:00","eventName":"n8n.node.started","message":"n8n.node.started","payload":{"workflowId":"OpB4D78fdu8r0MTO","workflowName":"My workflow 2","executionId":"4","nodeType":"n8n-nodes-base.httpRequest","nodeName":"HTTP Request1"}}
{"__type":"$$EventMessageConfirm","confirm":"83c2129c-5672-4860-807b-54fb414feee3","ts":"2024-07-15T00:37:21.909-04:00","source":{"id":"0","name":"eventBus"}}
{"__type":"$$EventMessageWorkflow","id":"474a9b92-0612-4558-8855-470e54654740","ts":"2024-07-15T00:37:21.909-04:00","eventName":"n8n.workflow.started","message":"n8n.workflow.started","payload":{"executionId":"4","isManual":false}}
{"__type":"$$EventMessageConfirm","confirm":"474a9b92-0612-4558-8855-470e54654740","ts":"2024-07-15T00:37:21.910-04:00","source":{"id":"0","name":"eventBus"}}
{"__type":"$$EventMessageNode","id":"c17ae1b7-2c7f-4271-b583-0986fa54f6b9","ts":"2024-07-15T00:37:21.922-04:00","eventName":"n8n.node.finished","message":"n8n.node.finished","payload":{"workflowId":"OpB4D78fdu8r0MTO","workflowName":"My workflow 2","executionId":"4","nodeType":"n8n-nodes-base.httpRequest","nodeName":"HTTP Request1"}}
{"__type":"$$EventMessageConfirm","confirm":"c17ae1b7-2c7f-4271-b583-0986fa54f6b9","ts":"2024-07-15T00:37:21.922-04:00","source":{"id":"0","name":"eventBus"}}
{"__type":"$$EventMessageWorkflow","id":"0adfeab3-1c54-4940-acee-296fa82d9f66","ts":"2024-07-15T00:37:21.986-04:00","eventName":"n8n.workflow.success","message":"n8n.workflow.success","payload":{"workflowId":"OpB4D78fdu8r0MTO","workflowName":"My workflow 2","executionId":"4","success":false,"isManual":true,"userId":"fd5338b7-4608-4fee-9e14-672434041fed"}}
{"__type":"$$EventMessageConfirm","confirm":"0adfeab3-1c54-4940-acee-296fa82d9f66","ts":"2024-07-15T00:37:21.987-04:00","source":{"id":"0","name":"eventBus"}}
{"__type":"$$EventMessageNode","id":"2b6df558-43e9-4724-b606-5aec0e93bb82","ts":"2024-07-15T00:41:22.148-04:00","eventName":"n8n.node.started","message":"n8n.node.started","payload":{"workflowId":"OpB4D78fdu8r0MTO","workflowName":"My workflow 2","executionId":"5","nodeType":"n8n-nodes-base.code","nodeName":"Code1"}}
{"__type":"$$EventMessageConfirm","confirm":"2b6df558-43e9-4724-b606-5aec0e93bb82","ts":"2024-07-15T00:41:22.423-04:00","source":{"id":"0","name":"eventBus"}}
{"__type":"$$EventMessageWorkflow","id":"7aebfbf3-c242-4c05-97f6-2b46e6e15c4a","ts":"2024-07-15T00:41:22.862-04:00","eventName":"n8n.workflow.started","message":"n8n.workflow.started","payload":{"executionId":"5","isManual":false}}
{"__type":"$$EventMessageConfirm","confirm":"7aebfbf3-c242-4c05-97f6-2b46e6e15c4a","ts":"2024-07-15T00:41:22.863-04:00","source":{"id":"0","name":"eventBus"}}
{"__type":"$$EventMessageNode","id":"7ca41428-ba64-4b2e-8604-d33056002a89","ts":"2024-07-15T00:41:23.712-04:00","eventName":"n8n.node.finished","message":"n8n.node.finished","payload":{"workflowId":"OpB4D78fdu8r0MTO","workflowName":"My workflow 2","executionId":"5","nodeType":"n8n-nodes-base.code","nodeName":"Code1"}}
{"__type":"$$EventMessageConfirm","confirm":"7ca41428-ba64-4b2e-8604-d33056002a89","ts":"2024-07-15T00:41:23.712-04:00","source":{"id":"0","name":"eventBus"}}
{"__type":"$$EventMessageWorkflow","id":"59bf4419-84c0-4ad2-8784-e814533b4515","ts":"2024-07-15T00:41:23.808-04:00","eventName":"n8n.workflow.success","message":"n8n.workflow.success","payload":{"workflowId":"OpB4D78fdu8r0MTO","workflowName":"My workflow 2","executionId":"5","success":false,"isManual":true,"userId":"fd5338b7-4608-4fee-9e14-672434041fed"}}
{"__type":"$$EventMessageConfirm","confirm":"59bf4419-84c0-4ad2-8784-e814533b4515","ts":"2024-07-15T00:41:23.808-04:00","source":{"id":"0","name":"eventBus"}}
{"__type":"$$EventMessageNode","id":"e1b2b1d5-3b7b-4abb-8f6e-91c44cd00c6c","ts":"2024-07-15T00:41:26.489-04:00","eventName":"n8n.node.started","message":"n8n.node.started","payload":{"workflowId":"OpB4D78fdu8r0MTO","workflowName":"My workflow 2","executionId":"6","nodeType":"n8n-nodes-base.httpRequest","nodeName":"HTTP Request"}}
{"__type":"$$EventMessageConfirm","confirm":"e1b2b1d5-3b7b-4abb-8f6e-91c44cd00c6c","ts":"2024-07-15T00:41:26.490-04:00","source":{"id":"0","name":"eventBus"}}
{"__type":"$$EventMessageWorkflow","id":"a69cdac2-d649-481b-8852-d4d7c05fa2ee","ts":"2024-07-15T00:41:26.490-04:00","eventName":"n8n.workflow.started","message":"n8n.workflow.started","payload":{"executionId":"6","isManual":false}}
{"__type":"$$EventMessageConfirm","confirm":"a69cdac2-d649-481b-8852-d4d7c05fa2ee","ts":"2024-07-15T00:41:26.490-04:00","source":{"id":"0","name":"eventBus"}}
{"__type":"$$EventMessageNode","id":"79f0e3a2-722c-4ab2-a342-4e07b79e39b1","ts":"2024-07-15T00:41:26.511-04:00","eventName":"n8n.node.finished","message":"n8n.node.finished","payload":{"workflowId":"OpB4D78fdu8r0MTO","workflowName":"My workflow 2","executionId":"6","nodeType":"n8n-nodes-base.httpRequest","nodeName":"HTTP Request"}}
{"__type":"$$EventMessageConfirm","confirm":"79f0e3a2-722c-4ab2-a342-4e07b79e39b1","ts":"2024-07-15T00:41:26.511-04:00","source":{"id":"0","name":"eventBus"}}
{"__type":"$$EventMessageWorkflow","id":"9aa91d92-e1f6-4981-8025-e8ecaa0c1dea","ts":"2024-07-15T00:41:26.578-04:00","eventName":"n8n.workflow.success","message":"n8n.workflow.success","payload":{"workflowId":"OpB4D78fdu8r0MTO","workflowName":"My workflow 2","executionId":"6","success":false,"isManual":true,"userId":"fd5338b7-4608-4fee-9e14-672434041fed"}}
{"__type":"$$EventMessageConfirm","confirm":"9aa91d92-e1f6-4981-8025-e8ecaa0c1dea","ts":"2024-07-15T00:41:26.579-04:00","source":{"id":"0","name":"eventBus"}}
{"__type":"$$EventMessageNode","id":"4cb54eb4-7ab8-4b83-94bb-e9b42c0925d4","ts":"2024-07-15T00:41:35.170-04:00","eventName":"n8n.node.started","message":"n8n.node.started","payload":{"workflowId":"OpB4D78fdu8r0MTO","workflowName":"My workflow 2","executionId":"7","nodeType":"n8n-nodes-base.code","nodeName":"Code"}}
{"__type":"$$EventMessageConfirm","confirm":"4cb54eb4-7ab8-4b83-94bb-e9b42c0925d4","ts":"2024-07-15T00:41:35.171-04:00","source":{"id":"0","name":"eventBus"}}
{"__type":"$$EventMessageWorkflow","id":"2e4b27cd-17eb-4628-8a5a-e7d88fc1d5df","ts":"2024-07-15T00:41:35.172-04:00","eventName":"n8n.workflow.started","message":"n8n.workflow.started","payload":{"executionId":"7","isManual":false}}
{"__type":"$$EventMessageConfirm","confirm":"2e4b27cd-17eb-4628-8a5a-e7d88fc1d5df","ts":"2024-07-15T00:41:35.172-04:00","source":{"id":"0","name":"eventBus"}}
{"__type":"$$EventMessageNode","id":"b0b92c3c-2d7f-4f34-9786-7f5e66cd2ec8","ts":"2024-07-15T00:41:35.209-04:00","eventName":"n8n.node.finished","message":"n8n.node.finished","payload":{"workflowId":"OpB4D78fdu8r0MTO","workflowName":"My workflow 2","executionId":"7","nodeType":"n8n-nodes-base.code","nodeName":"Code"}}
{"__type":"$$EventMessageConfirm","confirm":"b0b92c3c-2d7f-4f34-9786-7f5e66cd2ec8","ts":"2024-07-15T00:41:35.210-04:00","source":{"id":"0","name":"eventBus"}}
{"__type":"$$EventMessageWorkflow","id":"7d7207fc-66bd-4ecd-97c4-da06719b0c74","ts":"2024-07-15T00:41:35.289-04:00","eventName":"n8n.workflow.success","message":"n8n.workflow.success","payload":{"workflowId":"OpB4D78fdu8r0MTO","workflowName":"My workflow 2","executionId":"7","success":false,"isManual":true,"userId":"fd5338b7-4608-4fee-9e14-672434041fed"}}
{"__type":"$$EventMessageConfirm","confirm":"7d7207fc-66bd-4ecd-97c4-da06719b0c74","ts":"2024-07-15T00:41:35.290-04:00","source":{"id":"0","name":"eventBus"}}
{"__type":"$$EventMessageNode","id":"2d5d6691-fd30-4d1d-a3a4-0db283c1ed2d","ts":"2024-07-15T00:41:37.832-04:00","eventName":"n8n.node.started","message":"n8n.node.started","payload":{"workflowId":"OpB4D78fdu8r0MTO","workflowName":"My workflow 2","executionId":"8","nodeType":"n8n-nodes-base.httpRequest","nodeName":"HTTP Request1"}}
{"__type":"$$EventMessageConfirm","confirm":"2d5d6691-fd30-4d1d-a3a4-0db283c1ed2d","ts":"2024-07-15T00:41:37.833-04:00","source":{"id":"0","name":"eventBus"}}
{"__type":"$$EventMessageWorkflow","id":"98a12557-2847-481d-87f5-123602585322","ts":"2024-07-15T00:41:37.834-04:00","eventName":"n8n.workflow.started","message":"n8n.workflow.started","payload":{"executionId":"8","isManual":false}}
{"__type":"$$EventMessageConfirm","confirm":"98a12557-2847-481d-87f5-123602585322","ts":"2024-07-15T00:41:37.835-04:00","source":{"id":"0","name":"eventBus"}}
{"__type":"$$EventMessageNode","id":"3782418a-6438-4f1a-bb65-87a82f9c66c1","ts":"2024-07-15T00:41:37.849-04:00","eventName":"n8n.node.finished","message":"n8n.node.finished","payload":{"workflowId":"OpB4D78fdu8r0MTO","workflowName":"My workflow 2","executionId":"8","nodeType":"n8n-nodes-base.httpRequest","nodeName":"HTTP Request1"}}
{"__type":"$$EventMessageConfirm","confirm":"3782418a-6438-4f1a-bb65-87a82f9c66c1","ts":"2024-07-15T00:41:37.849-04:00","source":{"id":"0","name":"eventBus"}}
{"__type":"$$EventMessageWorkflow","id":"3582ed18-512a-44c5-8897-48921a8ba5fc","ts":"2024-07-15T00:41:37.911-04:00","eventName":"n8n.workflow.success","message":"n8n.workflow.success","payload":{"workflowId":"OpB4D78fdu8r0MTO","workflowName":"My workflow 2","executionId":"8","success":false,"isManual":true,"userId":"fd5338b7-4608-4fee-9e14-672434041fed"}}
{"__type":"$$EventMessageConfirm","confirm":"3582ed18-512a-44c5-8897-48921a8ba5fc","ts":"2024-07-15T00:41:37.911-04:00","source":{"id":"0","name":"eventBus"}}
{"__type":"$$EventMessageNode","id":"b1058145-f08b-4e04-b047-182e03019f8a","ts":"2024-07-15T00:47:51.354-04:00","eventName":"n8n.node.started","message":"n8n.node.started","payload":{"workflowId":"OpB4D78fdu8r0MTO","workflowName":"My workflow 2","executionId":"9","nodeType":"n8n-nodes-base.code","nodeName":"Code2"}}
{"__type":"$$EventMessageConfirm","confirm":"b1058145-f08b-4e04-b047-182e03019f8a","ts":"2024-07-15T00:47:51.373-04:00","source":{"id":"0","name":"eventBus"}}
{"__type":"$$EventMessageWorkflow","id":"e31a6e21-8d7d-4c65-8ba7-163e0dd7576a","ts":"2024-07-15T00:47:51.375-04:00","eventName":"n8n.workflow.started","message":"n8n.workflow.started","payload":{"executionId":"9","isManual":false}}
{"__type":"$$EventMessageConfirm","confirm":"e31a6e21-8d7d-4c65-8ba7-163e0dd7576a","ts":"2024-07-15T00:47:51.375-04:00","source":{"id":"0","name":"eventBus"}}
{"__type":"$$EventMessageNode","id":"da3d06ef-7666-4741-b43f-8f1d83494b54","ts":"2024-07-15T00:47:51.514-04:00","eventName":"n8n.node.finished","message":"n8n.node.finished","payload":{"workflowId":"OpB4D78fdu8r0MTO","workflowName":"My workflow 2","executionId":"9","nodeType":"n8n-nodes-base.code","nodeName":"Code2"}}
{"__type":"$$EventMessageConfirm","confirm":"da3d06ef-7666-4741-b43f-8f1d83494b54","ts":"2024-07-15T00:47:51.514-04:00","source":{"id":"0","name":"eventBus"}}
{"__type":"$$EventMessageWorkflow","id":"72936c03-3dca-481a-8714-a5111f1295d0","ts":"2024-07-15T00:47:51.630-04:00","eventName":"n8n.workflow.success","message":"n8n.workflow.success","payload":{"workflowId":"OpB4D78fdu8r0MTO","workflowName":"My workflow 2","executionId":"9","success":false,"isManual":true,"userId":"fd5338b7-4608-4fee-9e14-672434041fed"}}
{"__type":"$$EventMessageConfirm","confirm":"72936c03-3dca-481a-8714-a5111f1295d0","ts":"2024-07-15T00:47:51.631-04:00","source":{"id":"0","name":"eventBus"}}
{"__type":"$$EventMessageNode","id":"e0c445bb-db74-4b7b-8c4d-cc0b4b796163","ts":"2024-07-15T00:47:54.101-04:00","eventName":"n8n.node.started","message":"n8n.node.started","payload":{"workflowId":"OpB4D78fdu8r0MTO","workflowName":"My workflow 2","executionId":"10","nodeType":"n8n-nodes-base.httpRequest","nodeName":"HTTP Request2"}}
{"__type":"$$EventMessageConfirm","confirm":"e0c445bb-db74-4b7b-8c4d-cc0b4b796163","ts":"2024-07-15T00:47:54.102-04:00","source":{"id":"0","name":"eventBus"}}
{"__type":"$$EventMessageWorkflow","id":"b0a9002a-7060-4445-8252-f587ea122f0f","ts":"2024-07-15T00:47:54.102-04:00","eventName":"n8n.workflow.started","message":"n8n.workflow.started","payload":{"executionId":"10","isManual":false}}
{"__type":"$$EventMessageConfirm","confirm":"b0a9002a-7060-4445-8252-f587ea122f0f","ts":"2024-07-15T00:47:54.102-04:00","source":{"id":"0","name":"eventBus"}}
{"__type":"$$EventMessageNode","id":"6771344c-29fc-4547-9e5d-1e731643dda4","ts":"2024-07-15T00:47:54.944-04:00","eventName":"n8n.node.finished","message":"n8n.node.finished","payload":{"workflowId":"OpB4D78fdu8r0MTO","workflowName":"My workflow 2","executionId":"10","nodeType":"n8n-nodes-base.httpRequest","nodeName":"HTTP Request2"}}
{"__type":"$$EventMessageConfirm","confirm":"6771344c-29fc-4547-9e5d-1e731643dda4","ts":"2024-07-15T00:47:54.945-04:00","source":{"id":"0","name":"eventBus"}}
{"__type":"$$EventMessageWorkflow","id":"ade391fe-5537-4044-b6e9-3a32383f2608","ts":"2024-07-15T00:47:55.015-04:00","eventName":"n8n.workflow.success","message":"n8n.workflow.success","payload":{"workflowId":"OpB4D78fdu8r0MTO","workflowName":"My workflow 2","executionId":"10","success":false,"isManual":true,"userId":"fd5338b7-4608-4fee-9e14-672434041fed"}}
{"__type":"$$EventMessageConfirm","confirm":"ade391fe-5537-4044-b6e9-3a32383f2608","ts":"2024-07-15T00:47:55.016-04:00","source":{"id":"0","name":"eventBus"}}
{"__type":"$$EventMessageNode","id":"e1ec397c-a9c6-4f1a-b534-0b32666e536e","ts":"2024-07-15T01:00:24.991-04:00","eventName":"n8n.node.started","message":"n8n.node.started","payload":{"workflowId":"OpB4D78fdu8r0MTO","workflowName":"My workflow 2","executionId":"11","nodeType":"n8n-nodes-base.code","nodeName":"Code3"}}
{"__type":"$$EventMessageConfirm","confirm":"e1ec397c-a9c6-4f1a-b534-0b32666e536e","ts":"2024-07-15T01:00:25.005-04:00","source":{"id":"0","name":"eventBus"}}
{"__type":"$$EventMessageWorkflow","id":"fb86fe6e-550e-49ce-a2db-0552ee1a004d","ts":"2024-07-15T01:00:25.018-04:00","eventName":"n8n.workflow.started","message":"n8n.workflow.started","payload":{"executionId":"11","isManual":false}}
{"__type":"$$EventMessageConfirm","confirm":"fb86fe6e-550e-49ce-a2db-0552ee1a004d","ts":"2024-07-15T01:00:25.018-04:00","source":{"id":"0","name":"eventBus"}}
{"__type":"$$EventMessageNode","id":"2720afb2-a7f7-4455-84bb-1eebc7f16a8b","ts":"2024-07-15T01:00:25.105-04:00","eventName":"n8n.node.finished","message":"n8n.node.finished","payload":{"workflowId":"OpB4D78fdu8r0MTO","workflowName":"My workflow 2","executionId":"11","nodeType":"n8n-nodes-base.code","nodeName":"Code3"}}
{"__type":"$$EventMessageConfirm","confirm":"2720afb2-a7f7-4455-84bb-1eebc7f16a8b","ts":"2024-07-15T01:00:25.105-04:00","source":{"id":"0","name":"eventBus"}}
{"__type":"$$EventMessageWorkflow","id":"7609a5be-a5e9-4766-a7db-f52212476e8d","ts":"2024-07-15T01:00:25.180-04:00","eventName":"n8n.workflow.success","message":"n8n.workflow.success","payload":{"workflowId":"OpB4D78fdu8r0MTO","workflowName":"My workflow 2","executionId":"11","success":false,"isManual":true,"userId":"fd5338b7-4608-4fee-9e14-672434041fed"}}
{"__type":"$$EventMessageConfirm","confirm":"7609a5be-a5e9-4766-a7db-f52212476e8d","ts":"2024-07-15T01:00:25.180-04:00","source":{"id":"0","name":"eventBus"}}
{"__type":"$$EventMessageNode","id":"3b4b576b-082a-49c4-a8d6-b08eee878a04","ts":"2024-07-15T01:05:49.540-04:00","eventName":"n8n.node.started","message":"n8n.node.started","payload":{"workflowId":"OpB4D78fdu8r0MTO","workflowName":"My workflow 2","executionId":"12","nodeType":"n8n-nodes-base.code","nodeName":"Code2"}}
{"__type":"$$EventMessageConfirm","confirm":"3b4b576b-082a-49c4-a8d6-b08eee878a04","ts":"2024-07-15T01:05:49.549-04:00","source":{"id":"0","name":"eventBus"}}
{"__type":"$$EventMessageWorkflow","id":"a92415f2-c88d-4918-b23c-61f9d266101b","ts":"2024-07-15T01:05:49.551-04:00","eventName":"n8n.workflow.started","message":"n8n.workflow.started","payload":{"executionId":"12","isManual":false}}
{"__type":"$$EventMessageConfirm","confirm":"a92415f2-c88d-4918-b23c-61f9d266101b","ts":"2024-07-15T01:05:49.551-04:00","source":{"id":"0","name":"eventBus"}}
{"__type":"$$EventMessageNode","id":"8cdd8446-bb8e-4667-b6c5-127af2bcda02","ts":"2024-07-15T01:05:49.625-04:00","eventName":"n8n.node.finished","message":"n8n.node.finished","payload":{"workflowId":"OpB4D78fdu8r0MTO","workflowName":"My workflow 2","executionId":"12","nodeType":"n8n-nodes-base.code","nodeName":"Code2"}}
{"__type":"$$EventMessageConfirm","confirm":"8cdd8446-bb8e-4667-b6c5-127af2bcda02","ts":"2024-07-15T01:05:49.627-04:00","source":{"id":"0","name":"eventBus"}}
{"__type":"$$EventMessageWorkflow","id":"247b7e42-b8d1-4560-bc28-3d07a362b28e","ts":"2024-07-15T01:05:49.700-04:00","eventName":"n8n.workflow.success","message":"n8n.workflow.success","payload":{"workflowId":"OpB4D78fdu8r0MTO","workflowName":"My workflow 2","executionId":"12","success":false,"isManual":true,"userId":"fd5338b7-4608-4fee-9e14-672434041fed"}}
{"__type":"$$EventMessageConfirm","confirm":"247b7e42-b8d1-4560-bc28-3d07a362b28e","ts":"2024-07-15T01:05:49.701-04:00","source":{"id":"0","name":"eventBus"}}
{"__type":"$$EventMessageNode","id":"f4aa5c0c-23ff-49ea-8abc-785f7e1a7fe1","ts":"2024-07-15T01:05:51.467-04:00","eventName":"n8n.node.started","message":"n8n.node.started","payload":{"workflowId":"OpB4D78fdu8r0MTO","workflowName":"My workflow 2","executionId":"13","nodeType":"n8n-nodes-base.httpRequest","nodeName":"HTTP Request2"}}
{"__type":"$$EventMessageConfirm","confirm":"f4aa5c0c-23ff-49ea-8abc-785f7e1a7fe1","ts":"2024-07-15T01:05:51.467-04:00","source":{"id":"0","name":"eventBus"}}
{"__type":"$$EventMessageWorkflow","id":"108e2ac0-1e86-4fc2-8943-ce7d54a2908e","ts":"2024-07-15T01:05:51.467-04:00","eventName":"n8n.workflow.started","message":"n8n.workflow.started","payload":{"executionId":"13","isManual":false}}
{"__type":"$$EventMessageConfirm","confirm":"108e2ac0-1e86-4fc2-8943-ce7d54a2908e","ts":"2024-07-15T01:05:51.468-04:00","source":{"id":"0","name":"eventBus"}}
{"__type":"$$EventMessageNode","id":"3c87aa8b-80bd-4cb4-8662-1c9eba8f53fe","ts":"2024-07-15T01:05:52.270-04:00","eventName":"n8n.node.finished","message":"n8n.node.finished","payload":{"workflowId":"OpB4D78fdu8r0MTO","workflowName":"My workflow 2","executionId":"13","nodeType":"n8n-nodes-base.httpRequest","nodeName":"HTTP Request2"}}
{"__type":"$$EventMessageConfirm","confirm":"3c87aa8b-80bd-4cb4-8662-1c9eba8f53fe","ts":"2024-07-15T01:05:52.271-04:00","source":{"id":"0","name":"eventBus"}}
{"__type":"$$EventMessageWorkflow","id":"59fb7e86-afbc-490a-8df9-532afa416eb1","ts":"2024-07-15T01:05:52.330-04:00","eventName":"n8n.workflow.success","message":"n8n.workflow.success","payload":{"workflowId":"OpB4D78fdu8r0MTO","workflowName":"My workflow 2","executionId":"13","success":false,"isManual":true,"userId":"fd5338b7-4608-4fee-9e14-672434041fed"}}
{"__type":"$$EventMessageConfirm","confirm":"59fb7e86-afbc-490a-8df9-532afa416eb1","ts":"2024-07-15T01:05:52.330-04:00","source":{"id":"0","name":"eventBus"}}
{"__type":"$$EventMessageAudit","id":"6e32c541-68c6-4132-8a9a-c5da5f264282","ts":"2024-07-15T01:08:39.060-04:00","eventName":"n8n.audit.workflow.updated","message":"n8n.audit.workflow.updated","payload":{"userId":"fd5338b7-4608-4fee-9e14-672434041fed","_email":"luizlanat@gmail.com","_firstName":"Luiz","_lastName":"Lanat","globalRole":"global:owner","workflowId":"OpB4D78fdu8r0MTO","workflowName":"My workflow 2"}}
{"__type":"$$EventMessageConfirm","confirm":"6e32c541-68c6-4132-8a9a-c5da5f264282","ts":"2024-07-15T01:08:39.069-04:00","source":{"id":"0","name":"eventBus"}}
{"__type":"$$EventMessageNode","id":"d5c9c11f-7f2c-4edd-b8f5-78e3839d9773","ts":"2024-07-15T01:09:15.493-04:00","eventName":"n8n.node.started","message":"n8n.node.started","payload":{"workflowId":"OpB4D78fdu8r0MTO","workflowName":"My workflow 2","executionId":"14","nodeType":"n8n-nodes-base.code","nodeName":"Code2"}}
{"__type":"$$EventMessageConfirm","confirm":"d5c9c11f-7f2c-4edd-b8f5-78e3839d9773","ts":"2024-07-15T01:09:15.494-04:00","source":{"id":"0","name":"eventBus"}}
{"__type":"$$EventMessageWorkflow","id":"f7fb8f0b-2669-4342-860b-26add89bcea0","ts":"2024-07-15T01:09:15.499-04:00","eventName":"n8n.workflow.started","message":"n8n.workflow.started","payload":{"executionId":"14","isManual":false}}
{"__type":"$$EventMessageConfirm","confirm":"f7fb8f0b-2669-4342-860b-26add89bcea0","ts":"2024-07-15T01:09:15.499-04:00","source":{"id":"0","name":"eventBus"}}
{"__type":"$$EventMessageNode","id":"09deeb97-5fee-40dc-8f0e-49e670825196","ts":"2024-07-15T01:09:15.592-04:00","eventName":"n8n.node.finished","message":"n8n.node.finished","payload":{"workflowId":"OpB4D78fdu8r0MTO","workflowName":"My workflow 2","executionId":"14","nodeType":"n8n-nodes-base.code","nodeName":"Code2"}}
{"__type":"$$EventMessageConfirm","confirm":"09deeb97-5fee-40dc-8f0e-49e670825196","ts":"2024-07-15T01:09:15.593-04:00","source":{"id":"0","name":"eventBus"}}
{"__type":"$$EventMessageWorkflow","id":"51c117ec-02dc-41ae-b0ee-a5dffb8ee189","ts":"2024-07-15T01:09:15.681-04:00","eventName":"n8n.workflow.success","message":"n8n.workflow.success","payload":{"workflowId":"OpB4D78fdu8r0MTO","workflowName":"My workflow 2","executionId":"14","success":false,"isManual":true,"userId":"fd5338b7-4608-4fee-9e14-672434041fed"}}
{"__type":"$$EventMessageConfirm","confirm":"51c117ec-02dc-41ae-b0ee-a5dffb8ee189","ts":"2024-07-15T01:09:15.682-04:00","source":{"id":"0","name":"eventBus"}}
{"__type":"$$EventMessageNode","id":"40889c64-ce95-4da1-b5bb-727a3d5636ac","ts":"2024-07-15T01:09:18.063-04:00","eventName":"n8n.node.started","message":"n8n.node.started","payload":{"workflowId":"OpB4D78fdu8r0MTO","workflowName":"My workflow 2","executionId":"15","nodeType":"n8n-nodes-base.httpRequest","nodeName":"HTTP Request4"}}
{"__type":"$$EventMessageConfirm","confirm":"40889c64-ce95-4da1-b5bb-727a3d5636ac","ts":"2024-07-15T01:09:18.064-04:00","source":{"id":"0","name":"eventBus"}}
{"__type":"$$EventMessageWorkflow","id":"55288284-651c-4e80-b42e-dfe9d1f40ce1","ts":"2024-07-15T01:09:18.064-04:00","eventName":"n8n.workflow.started","message":"n8n.workflow.started","payload":{"executionId":"15","isManual":false}}
{"__type":"$$EventMessageConfirm","confirm":"55288284-651c-4e80-b42e-dfe9d1f40ce1","ts":"2024-07-15T01:09:18.064-04:00","source":{"id":"0","name":"eventBus"}}
{"__type":"$$EventMessageNode","id":"33198274-07f1-45e1-a074-59a7cf4f9ecc","ts":"2024-07-15T01:09:18.110-04:00","eventName":"n8n.node.finished","message":"n8n.node.finished","payload":{"workflowId":"OpB4D78fdu8r0MTO","workflowName":"My workflow 2","executionId":"15","nodeType":"n8n-nodes-base.httpRequest","nodeName":"HTTP Request4"}}
{"__type":"$$EventMessageConfirm","confirm":"33198274-07f1-45e1-a074-59a7cf4f9ecc","ts":"2024-07-15T01:09:18.110-04:00","source":{"id":"0","name":"eventBus"}}
{"__type":"$$EventMessageWorkflow","id":"0b948c2a-2cfe-45e3-849a-e7ee2aaafd13","ts":"2024-07-15T01:09:18.156-04:00","eventName":"n8n.workflow.success","message":"n8n.workflow.success","payload":{"workflowId":"OpB4D78fdu8r0MTO","workflowName":"My workflow 2","executionId":"15","success":false,"isManual":true,"userId":"fd5338b7-4608-4fee-9e14-672434041fed"}}
{"__type":"$$EventMessageConfirm","confirm":"0b948c2a-2cfe-45e3-849a-e7ee2aaafd13","ts":"2024-07-15T01:09:18.156-04:00","source":{"id":"0","name":"eventBus"}}
{"__type":"$$EventMessageNode","id":"80a0a500-01c7-41e7-9f6b-eade5e4c2b7f","ts":"2024-07-15T01:09:52.642-04:00","eventName":"n8n.node.started","message":"n8n.node.started","payload":{"workflowId":"OpB4D78fdu8r0MTO","workflowName":"My workflow 2","executionId":"16","nodeType":"n8n-nodes-base.httpRequest","nodeName":"HTTP Request4"}}
{"__type":"$$EventMessageConfirm","confirm":"80a0a500-01c7-41e7-9f6b-eade5e4c2b7f","ts":"2024-07-15T01:09:52.642-04:00","source":{"id":"0","name":"eventBus"}}
{"__type":"$$EventMessageWorkflow","id":"0ee85eb7-d834-48b4-8d52-e64bec5931b9","ts":"2024-07-15T01:09:52.644-04:00","eventName":"n8n.workflow.started","message":"n8n.workflow.started","payload":{"executionId":"16","isManual":false}}
{"__type":"$$EventMessageConfirm","confirm":"0ee85eb7-d834-48b4-8d52-e64bec5931b9","ts":"2024-07-15T01:09:52.644-04:00","source":{"id":"0","name":"eventBus"}}
{"__type":"$$EventMessageNode","id":"a48fe3fe-35d7-48d4-b612-5ed49aa9f835","ts":"2024-07-15T01:09:52.653-04:00","eventName":"n8n.node.finished","message":"n8n.node.finished","payload":{"workflowId":"OpB4D78fdu8r0MTO","workflowName":"My workflow 2","executionId":"16","nodeType":"n8n-nodes-base.httpRequest","nodeName":"HTTP Request4"}}
{"__type":"$$EventMessageConfirm","confirm":"a48fe3fe-35d7-48d4-b612-5ed49aa9f835","ts":"2024-07-15T01:09:52.653-04:00","source":{"id":"0","name":"eventBus"}}
{"__type":"$$EventMessageWorkflow","id":"daad72a4-3823-4d2e-8e6c-1c2dcc220e7e","ts":"2024-07-15T01:09:52.732-04:00","eventName":"n8n.workflow.success","message":"n8n.workflow.success","payload":{"workflowId":"OpB4D78fdu8r0MTO","workflowName":"My workflow 2","executionId":"16","success":false,"isManual":true,"userId":"fd5338b7-4608-4fee-9e14-672434041fed"}}
{"__type":"$$EventMessageConfirm","confirm":"daad72a4-3823-4d2e-8e6c-1c2dcc220e7e","ts":"2024-07-15T01:09:52.732-04:00","source":{"id":"0","name":"eventBus"}}
{"__type":"$$EventMessageAudit","id":"5f1fa689-041d-46a9-b095-4b3b5014f3ad","ts":"2024-07-15T01:15:18.044-04:00","eventName":"n8n.audit.workflow.updated","message":"n8n.audit.workflow.updated","payload":{"userId":"fd5338b7-4608-4fee-9e14-672434041fed","_email":"luizlanat@gmail.com","_firstName":"Luiz","_lastName":"Lanat","globalRole":"global:owner","workflowId":"OpB4D78fdu8r0MTO","workflowName":"My workflow 2"}}
{"__type":"$$EventMessageConfirm","confirm":"5f1fa689-041d-46a9-b095-4b3b5014f3ad","ts":"2024-07-15T01:15:18.052-04:00","source":{"id":"0","name":"eventBus"}}
{"__type":"$$EventMessageAudit","id":"28f6d918-231a-4b21-9550-7d72dc8d9ec4","ts":"2024-07-15T12:06:35.943-04:00","eventName":"n8n.audit.workflow.created","message":"n8n.audit.workflow.created","payload":{"userId":"fd5338b7-4608-4fee-9e14-672434041fed","_email":"luizlanat@gmail.com","_firstName":"Luiz","_lastName":"Lanat","globalRole":"global:owner","workflowId":"kliJs7XPWT3sojEC","workflowName":"My workflow 3"}}
{"__type":"$$EventMessageConfirm","confirm":"28f6d918-231a-4b21-9550-7d72dc8d9ec4","ts":"2024-07-15T12:06:35.972-04:00","source":{"id":"0","name":"eventBus"}}
{"__type":"$$EventMessageNode","id":"98e86112-24fc-47c6-bef9-4975be0225ab","ts":"2024-07-15T12:06:36.388-04:00","eventName":"n8n.node.started","message":"n8n.node.started","payload":{"workflowId":"kliJs7XPWT3sojEC","workflowName":"My workflow 3","executionId":"17","nodeType":"n8n-nodes-base.code","nodeName":"Code2"}}
{"__type":"$$EventMessageConfirm","confirm":"98e86112-24fc-47c6-bef9-4975be0225ab","ts":"2024-07-15T12:06:36.389-04:00","source":{"id":"0","name":"eventBus"}}
{"__type":"$$EventMessageWorkflow","id":"25f802a5-163f-4259-8b5e-8bde5760ce93","ts":"2024-07-15T12:06:36.393-04:00","eventName":"n8n.workflow.started","message":"n8n.workflow.started","payload":{"executionId":"17","isManual":false}}
{"__type":"$$EventMessageConfirm","confirm":"25f802a5-163f-4259-8b5e-8bde5760ce93","ts":"2024-07-15T12:06:36.397-04:00","source":{"id":"0","name":"eventBus"}}
{"__type":"$$EventMessageNode","id":"2eb5c1aa-2b3c-45fc-96d8-aee40f76d565","ts":"2024-07-15T12:06:36.604-04:00","eventName":"n8n.node.finished","message":"n8n.node.finished","payload":{"workflowId":"kliJs7XPWT3sojEC","workflowName":"My workflow 3","executionId":"17","nodeType":"n8n-nodes-base.code","nodeName":"Code2"}}
{"__type":"$$EventMessageConfirm","confirm":"2eb5c1aa-2b3c-45fc-96d8-aee40f76d565","ts":"2024-07-15T12:06:36.605-04:00","source":{"id":"0","name":"eventBus"}}
{"__type":"$$EventMessageWorkflow","id":"3c791b71-a86e-470a-abfb-692b85c863cd","ts":"2024-07-15T12:06:37.350-04:00","eventName":"n8n.workflow.success","message":"n8n.workflow.success","payload":{"workflowId":"kliJs7XPWT3sojEC","workflowName":"My workflow 3","executionId":"17","success":false,"isManual":true,"userId":"fd5338b7-4608-4fee-9e14-672434041fed"}}
{"__type":"$$EventMessageConfirm","confirm":"3c791b71-a86e-470a-abfb-692b85c863cd","ts":"2024-07-15T12:06:37.352-04:00","source":{"id":"0","name":"eventBus"}}
{"__type":"$$EventMessageNode","id":"c702d246-2971-4588-9038-4ef9aef2a47d","ts":"2024-07-15T12:06:56.941-04:00","eventName":"n8n.node.started","message":"n8n.node.started","payload":{"workflowId":"kliJs7XPWT3sojEC","workflowName":"My workflow 3","executionId":"18","nodeType":"n8n-nodes-base.httpRequest","nodeName":"HTTP Request4"}}
{"__type":"$$EventMessageConfirm","confirm":"c702d246-2971-4588-9038-4ef9aef2a47d","ts":"2024-07-15T12:06:56.941-04:00","source":{"id":"0","name":"eventBus"}}
{"__type":"$$EventMessageWorkflow","id":"0bcc0de4-097c-4c1a-9798-51e44213c43f","ts":"2024-07-15T12:06:56.941-04:00","eventName":"n8n.workflow.started","message":"n8n.workflow.started","payload":{"executionId":"18","isManual":false}}
{"__type":"$$EventMessageConfirm","confirm":"0bcc0de4-097c-4c1a-9798-51e44213c43f","ts":"2024-07-15T12:06:56.942-04:00","source":{"id":"0","name":"eventBus"}}
{"__type":"$$EventMessageNode","id":"084a3ccf-0e3f-41a1-803f-45ba89844dec","ts":"2024-07-15T12:06:56.962-04:00","eventName":"n8n.node.finished","message":"n8n.node.finished","payload":{"workflowId":"kliJs7XPWT3sojEC","workflowName":"My workflow 3","executionId":"18","nodeType":"n8n-nodes-base.httpRequest","nodeName":"HTTP Request4"}}
{"__type":"$$EventMessageConfirm","confirm":"084a3ccf-0e3f-41a1-803f-45ba89844dec","ts":"2024-07-15T12:06:56.963-04:00","source":{"id":"0","name":"eventBus"}}
{"__type":"$$EventMessageWorkflow","id":"fc46ea28-fb4c-40aa-8c0e-c3e0a561836e","ts":"2024-07-15T12:06:57.030-04:00","eventName":"n8n.workflow.success","message":"n8n.workflow.success","payload":{"workflowId":"kliJs7XPWT3sojEC","workflowName":"My workflow 3","executionId":"18","success":false,"isManual":true,"userId":"fd5338b7-4608-4fee-9e14-672434041fed"}}
{"__type":"$$EventMessageConfirm","confirm":"fc46ea28-fb4c-40aa-8c0e-c3e0a561836e","ts":"2024-07-15T12:06:57.030-04:00","source":{"id":"0","name":"eventBus"}}
{"__type":"$$EventMessageAudit","id":"899d46a9-ba74-4ed0-9f87-c04c031e5d9a","ts":"2024-07-15T12:17:09.438-04:00","eventName":"n8n.audit.user.credentials.created","message":"n8n.audit.user.credentials.created","payload":{"userId":"fd5338b7-4608-4fee-9e14-672434041fed","_email":"luizlanat@gmail.com","_firstName":"Luiz","_lastName":"Lanat","globalRole":"global:owner","credentialName":"Header Auth account","credentialType":"httpHeaderAuth","credentialId":"3Cgmuhh8AdVlipKv"}}
{"__type":"$$EventMessageConfirm","confirm":"899d46a9-ba74-4ed0-9f87-c04c031e5d9a","ts":"2024-07-15T12:17:09.472-04:00","source":{"id":"0","name":"eventBus"}}
{"__type":"$$EventMessageNode","id":"a545a314-b29a-4515-b010-6754a9ce642d","ts":"2024-07-15T12:19:16.415-04:00","eventName":"n8n.node.started","message":"n8n.node.started","payload":{"workflowId":"kliJs7XPWT3sojEC","workflowName":"My workflow 3","executionId":"19","nodeType":"n8n-nodes-base.code","nodeName":"Code"}}
{"__type":"$$EventMessageConfirm","confirm":"a545a314-b29a-4515-b010-6754a9ce642d","ts":"2024-07-15T12:19:16.419-04:00","source":{"id":"0","name":"eventBus"}}
{"__type":"$$EventMessageWorkflow","id":"ee1dfd94-2222-4308-bae7-0b5a9de5c8aa","ts":"2024-07-15T12:19:16.420-04:00","eventName":"n8n.workflow.started","message":"n8n.workflow.started","payload":{"executionId":"19","isManual":false}}
{"__type":"$$EventMessageConfirm","confirm":"ee1dfd94-2222-4308-bae7-0b5a9de5c8aa","ts":"2024-07-15T12:19:16.421-04:00","source":{"id":"0","name":"eventBus"}}
{"__type":"$$EventMessageNode","id":"b829168f-7f81-4b61-8bdb-931cc7428d7f","ts":"2024-07-15T12:19:16.598-04:00","eventName":"n8n.node.finished","message":"n8n.node.finished","payload":{"workflowId":"kliJs7XPWT3sojEC","workflowName":"My workflow 3","executionId":"19","nodeType":"n8n-nodes-base.code","nodeName":"Code"}}
{"__type":"$$EventMessageConfirm","confirm":"b829168f-7f81-4b61-8bdb-931cc7428d7f","ts":"2024-07-15T12:19:16.598-04:00","source":{"id":"0","name":"eventBus"}}
{"__type":"$$EventMessageWorkflow","id":"fc159fd2-5868-435b-9c44-49a0c13a9e11","ts":"2024-07-15T12:19:16.702-04:00","eventName":"n8n.workflow.success","message":"n8n.workflow.success","payload":{"workflowId":"kliJs7XPWT3sojEC","workflowName":"My workflow 3","executionId":"19","success":false,"isManual":true,"userId":"fd5338b7-4608-4fee-9e14-672434041fed"}}
{"__type":"$$EventMessageConfirm","confirm":"fc159fd2-5868-435b-9c44-49a0c13a9e11","ts":"2024-07-15T12:19:16.703-04:00","source":{"id":"0","name":"eventBus"}}
{"__type":"$$EventMessageNode","id":"286e0318-733b-4b01-b02d-9350758355ab","ts":"2024-07-15T12:19:56.529-04:00","eventName":"n8n.node.started","message":"n8n.node.started","payload":{"workflowId":"kliJs7XPWT3sojEC","workflowName":"My workflow 3","executionId":"20","nodeType":"n8n-nodes-base.httpRequest","nodeName":"HTTP Request"}}
{"__type":"$$EventMessageConfirm","confirm":"286e0318-733b-4b01-b02d-9350758355ab","ts":"2024-07-15T12:19:56.530-04:00","source":{"id":"0","name":"eventBus"}}
{"__type":"$$EventMessageWorkflow","id":"546f7ac0-6a78-488f-a7d1-c4a301737677","ts":"2024-07-15T12:19:56.531-04:00","eventName":"n8n.workflow.started","message":"n8n.workflow.started","payload":{"executionId":"20","isManual":false}}
{"__type":"$$EventMessageConfirm","confirm":"546f7ac0-6a78-488f-a7d1-c4a301737677","ts":"2024-07-15T12:19:56.531-04:00","source":{"id":"0","name":"eventBus"}}
{"__type":"$$EventMessageNode","id":"8656c2f3-14f8-4930-ae3f-2d9903f2a35f","ts":"2024-07-15T12:19:57.419-04:00","eventName":"n8n.node.finished","message":"n8n.node.finished","payload":{"workflowId":"kliJs7XPWT3sojEC","workflowName":"My workflow 3","executionId":"20","nodeType":"n8n-nodes-base.httpRequest","nodeName":"HTTP Request"}}
{"__type":"$$EventMessageConfirm","confirm":"8656c2f3-14f8-4930-ae3f-2d9903f2a35f","ts":"2024-07-15T12:19:57.420-04:00","source":{"id":"0","name":"eventBus"}}
{"__type":"$$EventMessageWorkflow","id":"337b5ebf-09d6-4cb1-bfee-f06e375fabe9","ts":"2024-07-15T12:19:57.475-04:00","eventName":"n8n.workflow.success","message":"n8n.workflow.success","payload":{"workflowId":"kliJs7XPWT3sojEC","workflowName":"My workflow 3","executionId":"20","success":false,"isManual":true,"userId":"fd5338b7-4608-4fee-9e14-672434041fed"}}
{"__type":"$$EventMessageConfirm","confirm":"337b5ebf-09d6-4cb1-bfee-f06e375fabe9","ts":"2024-07-15T12:19:57.475-04:00","source":{"id":"0","name":"eventBus"}}
{"__type":"$$EventMessageAudit","id":"4ba94f08-de38-4e84-bb2d-ef770e916f66","ts":"2024-07-15T12:26:07.970-04:00","eventName":"n8n.audit.workflow.updated","message":"n8n.audit.workflow.updated","payload":{"userId":"fd5338b7-4608-4fee-9e14-672434041fed","_email":"luizlanat@gmail.com","_firstName":"Luiz","_lastName":"Lanat","globalRole":"global:owner","workflowId":"kliJs7XPWT3sojEC","workflowName":"My workflow 3"}}
{"__type":"$$EventMessageConfirm","confirm":"4ba94f08-de38-4e84-bb2d-ef770e916f66","ts":"2024-07-15T12:26:07.987-04:00","source":{"id":"0","name":"eventBus"}}
